app/build/outputs/logs/manifest-merger-debug-report.txt
-- Merging decision tree log ---
manifest
ADDED from src\main\AndroidManifest.xml:2:1-164:12
	package
		ADDED from src\main\AndroidManifest.xml:3:5-35
		INJECTED from src\main\AndroidManifest.xml
		INJECTED from src\main\AndroidManifest.xml
	android:versionName
		ADDED from src\main\AndroidManifest.xml:5:5-30
		INJECTED from src\main\AndroidManifest.xml
		INJECTED from src\main\AndroidManifest.xml
	android:versionCode
		ADDED from src\main\AndroidManifest.xml:4:5-28
		INJECTED from src\main\AndroidManifest.xml
		INJECTED from src\main\AndroidManifest.xml
	xmlns:android
		ADDED from src\main\AndroidManifest.xml:2:11-69
uses-sdk
ADDED from src\main\AndroidManifest.xml:7:5-9:41
MERGED from [com.android.support:support-v4:21.0.3] AndroidManifest.xml:15:5-42
	android:targetSdkVersion
		ADDED from src\main\AndroidManifest.xml:9:9-38
		INJECTED from src\main\AndroidManifest.xml
		INJECTED from src\main\AndroidManifest.xml
	android:minSdkVersion
		ADDED from src\main\AndroidManifest.xml:8:9-35
		INJECTED from src\main\AndroidManifest.xml
		INJECTED from src\main\AndroidManifest.xml
uses-permission#android.permission.WRITE_EXTERNAL_STORAGE
ADDED from src\main\AndroidManifest.xml:11:5-81
	android:name
		ADDED from src\main\AndroidManifest.xml:11:22-78
uses-permission#android.permission.ACCESS_COARSE_LOCATION
ADDED from src\main\AndroidManifest.xml:14:5-15:23
	android:name
		ADDED from src\main\AndroidManifest.xml:14:22-78
uses-permission#android.permission.ACCESS_FINE_LOCATION
ADDED from src\main\AndroidManifest.xml:17:5-18:23
	android:name
		ADDED from src\main\AndroidManifest.xml:17:22-76
uses-permission#android.permission.ACCESS_WIFI_STATE
ADDED from src\main\AndroidManifest.xml:20:5-21:23
	android:name
		ADDED from src\main\AndroidManifest.xml:20:22-73
uses-permission#android.permission.ACCESS_NETWORK_STATE
ADDED from src\main\AndroidManifest.xml:23:5-24:23
	android:name
		ADDED from src\main\AndroidManifest.xml:23:22-76
uses-permission#android.permission.CHANGE_WIFI_STATE
ADDED from src\main\AndroidManifest.xml:26:5-27:23
	android:name
		ADDED from src\main\AndroidManifest.xml:26:22-73
uses-permission#android.permission.READ_PHONE_STATE
ADDED from src\main\AndroidManifest.xml:29:5-30:23
	android:name
		ADDED from src\main\AndroidManifest.xml:29:22-72
uses-permission#android.permission.INTERNET
ADDED from src\main\AndroidManifest.xml:35:5-67
	android:name
		ADDED from src\main\AndroidManifest.xml:35:22-64
uses-permission#android.permission.MOUNT_UNMOUNT_FILESYSTEMS
ADDED from src\main\AndroidManifest.xml:37:5-38:23
	android:name
		ADDED from src\main\AndroidManifest.xml:37:22-81
uses-permission#android.permission.READ_LOGS
ADDED from src\main\AndroidManifest.xml:40:5-41:23
	android:name
		ADDED from src\main\AndroidManifest.xml:40:22-65
uses-permission#android.permission.CALL_PHONE
ADDED from src\main\AndroidManifest.xml:42:5-69
	android:name
		ADDED from src\main\AndroidManifest.xml:42:22-66
uses-permission#android.permission.GET_TASKS
ADDED from src\main\AndroidManifest.xml:45:5-68
	android:name
		ADDED from src\main\AndroidManifest.xml:45:22-65
uses-permission#android.permission.MANAGE_ACCOUNTS
ADDED from src\main\AndroidManifest.xml:52:5-74
	android:name
		ADDED from src\main\AndroidManifest.xml:52:22-71
uses-permission#android.permission.GET_ACCOUNTS
ADDED from src\main\AndroidManifest.xml:53:5-71
	android:name
		ADDED from src\main\AndroidManifest.xml:53:22-68
application
ADDED from src\main\AndroidManifest.xml:55:5-162:19
MERGED from [com.android.support:support-v4:21.0.3] AndroidManifest.xml:16:5-19
	android:label
		ADDED from src\main\AndroidManifest.xml:59:9-41
	android:allowBackup
		ADDED from src\main\AndroidManifest.xml:57:9-35
	android:icon
		ADDED from src\main\AndroidManifest.xml:58:9-43
	android:theme
		ADDED from src\main\AndroidManifest.xml:60:9-40
	android:name
		ADDED from src\main\AndroidManifest.xml:56:9-38
meta-data#com.baidu.lbsapi.API_KEY
ADDED from src\main\AndroidManifest.xml:62:9-64:56
	android:value
		ADDED from src\main\AndroidManifest.xml:64:13-53
	android:name
		ADDED from src\main\AndroidManifest.xml:63:13-52
activity#com.freetrip.trekker.activities.SplashActivity
ADDED from src\main\AndroidManifest.xml:66:9-76:20
	android:screenOrientation
		ADDED from src\main\AndroidManifest.xml:70:13-49
	android:configChanges
		ADDED from src\main\AndroidManifest.xml:69:13-74
	android:theme
		ADDED from src\main\AndroidManifest.xml:68:13-77
	android:name
		ADDED from src\main\AndroidManifest.xml:67:13-54
intent-filter#android.intent.action.MAIN+android.intent.category.LAUNCHER
ADDED from src\main\AndroidManifest.xml:71:13-75:29
action#android.intent.action.MAIN
ADDED from src\main\AndroidManifest.xml:72:17-69
	android:name
		ADDED from src\main\AndroidManifest.xml:72:25-66
category#android.intent.category.LAUNCHER
ADDED from src\main\AndroidManifest.xml:74:17-77
	android:name
		ADDED from src\main\AndroidManifest.xml:74:27-74
activity#com.freetrip.trekker.activities.Activity_Humanity
ADDED from src\main\AndroidManifest.xml:77:9-79:51
	android:screenOrientation
		ADDED from src\main\AndroidManifest.xml:79:13-49
	android:configChanges
		ADDED from src\main\AndroidManifest.xml:78:13-74
	android:name
		ADDED from src\main\AndroidManifest.xml:77:19-63
activity#com.freetrip.trekker.activities.MainActivity
ADDED from src\main\AndroidManifest.xml:80:9-82:51
	android:screenOrientation
		ADDED from src\main\AndroidManifest.xml:82:13-49
	android:configChanges
		ADDED from src\main\AndroidManifest.xml:81:13-74
	android:name
		ADDED from src\main\AndroidManifest.xml:80:19-58
activity#com.freetrip.trekker.activities.Activity_Guide
ADDED from src\main\AndroidManifest.xml:83:9-85:51
	android:screenOrientation
		ADDED from src\main\AndroidManifest.xml:85:13-49
	android:configChanges
		ADDED from src\main\AndroidManifest.xml:84:13-74
	android:name
		ADDED from src\main\AndroidManifest.xml:83:19-60
activity#com.freetrip.trekker.activities.BaiduMapActivity
ADDED from src\main\AndroidManifest.xml:86:9-88:51
	android:screenOrientation
		ADDED from src\main\AndroidManifest.xml:88:13-49
	android:configChanges
		ADDED from src\main\AndroidManifest.xml:87:13-74
	android:name
		ADDED from src\main\AndroidManifest.xml:86:19-62
activity#com.freetrip.trekker.activities.Activity_Local
ADDED from src\main\AndroidManifest.xml:89:9-91:51
	android:screenOrientation
		ADDED from src\main\AndroidManifest.xml:91:13-49
	android:configChanges
		ADDED from src\main\AndroidManifest.xml:90:13-74
	android:name
		ADDED from src\main\AndroidManifest.xml:89:19-60
activity#com.freetrip.trekker.activities.PhotographActivity
ADDED from src\main\AndroidManifest.xml:92:9-95:51
	android:screenOrientation
		ADDED from src\main\AndroidManifest.xml:95:13-49
	android:launchMode
		ADDED from src\main\AndroidManifest.xml:93:13-44
	android:configChanges
		ADDED from src\main\AndroidManifest.xml:94:13-74
	android:name
		ADDED from src\main\AndroidManifest.xml:92:19-64
activity#com.freetrip.trekker.activities.DetailWestActivity
ADDED from src\main\AndroidManifest.xml:96:9-99:20
	android:screenOrientation
		ADDED from src\main\AndroidManifest.xml:98:13-49
	android:configChanges
		ADDED from src\main\AndroidManifest.xml:97:13-74
	android:name
		ADDED from src\main\AndroidManifest.xml:96:19-64
activity#com.freetrip.trekker.activities.BigPicActivity
ADDED from src\main\AndroidManifest.xml:100:9-105:20
	android:screenOrientation
		ADDED from src\main\AndroidManifest.xml:104:13-49
	android:label
		ADDED from src\main\AndroidManifest.xml:102:13-59
	android:configChanges
		ADDED from src\main\AndroidManifest.xml:103:13-74
	android:name
		ADDED from src\main\AndroidManifest.xml:101:13-74
activity#com.freetrip.trekker.activities.Activity_CommonList
ADDED from src\main\AndroidManifest.xml:106:9-107:76
	android:configChanges
		ADDED from src\main\AndroidManifest.xml:107:13-74
	android:name
		ADDED from src\main\AndroidManifest.xml:106:19-85
activity#com.freetrip.trekker.activities.DetailActivity
ADDED from src\main\AndroidManifest.xml:108:9-109:76
	android:configChanges
		ADDED from src\main\AndroidManifest.xml:109:13-74
	android:name
		ADDED from src\main\AndroidManifest.xml:108:19-80
activity#com.freetrip.trekker.activities.Activity_Collention
ADDED from src\main\AndroidManifest.xml:110:9-111:76
	android:configChanges
		ADDED from src\main\AndroidManifest.xml:111:13-74
	android:name
		ADDED from src\main\AndroidManifest.xml:110:19-85
activity#com.freetrip.trekker.activities.LoginActivity
ADDED from src\main\AndroidManifest.xml:112:9-113:76
	android:configChanges
		ADDED from src\main\AndroidManifest.xml:113:13-74
	android:name
		ADDED from src\main\AndroidManifest.xml:112:19-79
activity#com.freetrip.trekker.activities.PersonalCenterActivity
ADDED from src\main\AndroidManifest.xml:114:9-115:76
	android:configChanges
		ADDED from src\main\AndroidManifest.xml:115:13-74
	android:name
		ADDED from src\main\AndroidManifest.xml:114:19-88
activity#com.freetrip.trekker.activities.Amazing_Activity
ADDED from src\main\AndroidManifest.xml:116:10-86
	android:name
		ADDED from src\main\AndroidManifest.xml:116:20-83
activity#com.mob.tools.MobUIShell
ADDED from src\main\AndroidManifest.xml:118:9-138:20
	android:screenOrientation
		ADDED from src\main\AndroidManifest.xml:121:13-49
	android:windowSoftInputMode
		ADDED from src\main\AndroidManifest.xml:123:13-67
	android:configChanges
		ADDED from src\main\AndroidManifest.xml:120:13-74
	android:theme
		ADDED from src\main\AndroidManifest.xml:122:13-72
	android:name
		ADDED from src\main\AndroidManifest.xml:119:13-52
intent-filter#android.intent.action.VIEW+android.intent.category.BROWSABLE+android.intent.category.DEFAULT
ADDED from src\main\AndroidManifest.xml:124:13-131:29
data
ADDED from src\main\AndroidManifest.xml:125:17-59
	android:scheme
		ADDED from src\main\AndroidManifest.xml:125:23-56
action#android.intent.action.VIEW
ADDED from src\main\AndroidManifest.xml:127:17-69
	android:name
		ADDED from src\main\AndroidManifest.xml:127:25-66
category#android.intent.category.BROWSABLE
ADDED from src\main\AndroidManifest.xml:129:17-78
	android:name
		ADDED from src\main\AndroidManifest.xml:129:27-75
category#android.intent.category.DEFAULT
ADDED from src\main\AndroidManifest.xml:130:17-76
	android:name
		ADDED from src\main\AndroidManifest.xml:130:27-73
intent-filter#android.intent.category.DEFAULT+com.sina.weibo.sdk.action.ACTION_SDK_REQ_ACTIVITY
ADDED from src\main\AndroidManifest.xml:133:13-137:29
action#com.sina.weibo.sdk.action.ACTION_SDK_REQ_ACTIVITY
ADDED from src\main\AndroidManifest.xml:134:17-92
	android:name
		ADDED from src\main\AndroidManifest.xml:134:25-89
activity#com.freetrip.trekker.wxapi.WXEntryActivity
ADDED from src\main\AndroidManifest.xml:141:9-146:75
	android:screenOrientation
		ADDED from src\main\AndroidManifest.xml:145:13-49
	android:exported
		ADDED from src\main\AndroidManifest.xml:144:13-36
	android:configChanges
		ADDED from src\main\AndroidManifest.xml:143:13-74
	android:theme
		ADDED from src\main\AndroidManifest.xml:146:13-72
	android:name
		ADDED from src\main\AndroidManifest.xml:142:13-50
activity#com.freetrip.trekker.activities.FeedBackActivity
ADDED from src\main\AndroidManifest.xml:147:9-149:20
	android:configChanges
		ADDED from src\main\AndroidManifest.xml:148:13-74
	android:name
		ADDED from src\main\AndroidManifest.xml:147:19-82
activity#com.freetrip.trekker.activities.FeedBackSuccessActivity
ADDED from src\main\AndroidManifest.xml:150:9-153:20
	android:screenOrientation
		ADDED from src\main\AndroidManifest.xml:152:13-49
	android:configChanges
		ADDED from src\main\AndroidManifest.xml:151:13-74
	android:name
		ADDED from src\main\AndroidManifest.xml:150:19-89
activity#com.freetrip.trekker.activities.SettingActivity
ADDED from src\main\AndroidManifest.xml:154:9-157:20
	android:screenOrientation
		ADDED from src\main\AndroidManifest.xml:156:13-49
	android:configChanges
		ADDED from src\main\AndroidManifest.xml:155:13-74
	android:name
		ADDED from src\main\AndroidManifest.xml:154:19-81
activity#com.freetrip.trekker.activities.CleanCacheActivity
ADDED from src\main\AndroidManifest.xml:158:9-161:20
	android:screenOrientation
		ADDED from src\main\AndroidManifest.xml:160:13-49
	android:configChanges
		ADDED from src\main\AndroidManifest.xml:159:13-74
	android:name
		ADDED from src\main\AndroidManifest.xml:158:19-84